2019-10-18 14:26:53.970  INFO 5715 --- [main] top.yms.server.BlogServerApplication     : Starting BlogServerApplication on yms with PID 5715 (/home/yms/project/java/springboot/BlogServer/target/classes started by yms in /home/yms/project/java/springboot/BlogServer)
2019-10-18 14:26:53.977  INFO 5715 --- [main] top.yms.server.BlogServerApplication     : No active profile set, falling back to default profiles: default
2019-10-18 14:26:55.234  INFO 5715 --- [main] o.s.b.w.embedded.tomcat.TomcatWebServer  : Tomcat initialized with port(s): 8080 (http)
2019-10-18 14:26:55.261  INFO 5715 --- [main] o.apache.catalina.core.StandardService   : Starting service [Tomcat]
2019-10-18 14:26:55.262  INFO 5715 --- [main] org.apache.catalina.core.StandardEngine  : Starting Servlet engine: [Apache Tomcat/9.0.21]
2019-10-18 14:26:55.345  INFO 5715 --- [main] o.a.c.c.C.[Tomcat].[localhost].[/]       : Initializing Spring embedded WebApplicationContext
2019-10-18 14:26:55.346  INFO 5715 --- [main] o.s.web.context.ContextLoader            : Root WebApplicationContext: initialization completed in 1327 ms
2019-10-18 14:26:55.726  INFO 5715 --- [main] o.s.s.concurrent.ThreadPoolTaskExecutor  : Initializing ExecutorService 'applicationTaskExecutor'
2019-10-18 14:26:55.810  INFO 5715 --- [main] o.s.b.a.w.s.WelcomePageHandlerMapping    : Adding welcome page: class path resource [static/index.html]
2019-10-18 14:26:56.012  INFO 5715 --- [main] o.s.b.w.embedded.tomcat.TomcatWebServer  : Tomcat started on port(s): 8080 (http) with context path ''
2019-10-18 14:26:56.014  INFO 5715 --- [main] top.yms.server.BlogServerApplication     : Started BlogServerApplication in 2.487 seconds (JVM running for 2.938)
2019-10-18 14:27:08.008  INFO 5715 --- [http-nio-8080-exec-1] o.a.c.c.C.[Tomcat].[localhost].[/]       : Initializing Spring DispatcherServlet 'dispatcherServlet'
2019-10-18 14:27:08.009  INFO 5715 --- [http-nio-8080-exec-1] o.s.web.servlet.DispatcherServlet        : Initializing Servlet 'dispatcherServlet'
2019-10-18 14:27:08.013  INFO 5715 --- [http-nio-8080-exec-1] o.s.web.servlet.DispatcherServlet        : Completed initialization in 4 ms
2019-10-18 14:27:08.207  INFO 5715 --- [http-nio-8080-exec-4] com.alibaba.druid.pool.DruidDataSource   : {dataSource-1} inited
2019-10-18 14:43:46.368  INFO 5715 --- [http-nio-8080-exec-1] t.y.s.controller.admin.FileController    : upload image url=http://localhost:8080/file/image?img=1571381026367000247dlzb2.jpg
2019-10-18 14:43:46.368  INFO 5715 --- [http-nio-8080-exec-1] t.y.s.controller.admin.FileController    : 上传成功
2019-10-18 14:43:58.779  INFO 5715 --- [http-nio-8080-exec-4] t.y.s.controller.admin.FileController    : request image url=1571381026367000247dlzb2.jpg
2019-10-18 14:44:51.293  INFO 5715 --- [http-nio-8080-exec-9] t.y.s.controller.admin.FileController    : request image url=1571381026367000247dlzb2.jpg
2019-10-18 14:47:31.789  INFO 5715 --- [http-nio-8080-exec-3] t.y.s.controller.admin.FileController    : request image url=1571381026367000247dlzb2.jpg
2019-10-18 14:47:35.842  INFO 5715 --- [http-nio-8080-exec-10] t.y.s.controller.admin.FileController    : request image url=1571381026367000247dlzb2.jpg
2019-10-18 14:47:53.166  INFO 5715 --- [http-nio-8080-exec-6] t.y.s.controller.admin.FileController    : request image url=1571381026367000247dlzb2.jpg
2019-10-18 14:47:54.424  INFO 5715 --- [http-nio-8080-exec-10] t.y.s.controller.admin.FileController    : request image url=1571381026367000247dlzb2.jpg
2019-10-18 14:52:39.120  INFO 5715 --- [Thread-5] o.s.s.concurrent.ThreadPoolTaskExecutor  : Shutting down ExecutorService 'applicationTaskExecutor'
2019-10-18 14:52:39.124  INFO 5715 --- [Thread-5] com.alibaba.druid.pool.DruidDataSource   : {dataSource-1} closed
